#
# There is insufficient memory for the Java Runtime Environment to continue.
# Native memory allocation (mmap) failed to map 132120576 bytes. Error detail: G1 virtual space
# Possible reasons:
#   The system is out of physical RAM or swap space
#   This process is running with CompressedOops enabled, and the Java Heap may be blocking the growth of the native heap
# Possible solutions:
#   Reduce memory load on the system
#   Increase physical memory or swap space
#   Check if swap backing store is full
#   Decrease Java heap size (-Xmx/-Xms)
#   Decrease number of Java threads
#   Decrease Java thread stack sizes (-Xss)
#   Set larger code cache with -XX:ReservedCodeCacheSize=
#   JVM is running with Unscaled Compressed Oops mode in which the Java heap is
#     placed in the first 4GB address space. The Java Heap base address is the
#     maximum limit for the native heap growth. Please use -XX:HeapBaseMinAddress
#     to set the Java Heap base and to place the Java Heap above 4GB virtual address.
# This output file may be truncated or incomplete.
#
#  Out of Memory Error (os_windows.cpp:3707), pid=25312, tid=19356
#
# JRE version:  (23.0.2+7) (build )
# Java VM: OpenJDK 64-Bit Server VM (23.0.2+7-58, mixed mode, sharing, tiered, compressed oops, compressed class ptrs, g1 gc, windows-amd64)
# No core dump will be written. Minidumps are not enabled by default on client versions of Windows
#

---------------  S U M M A R Y ------------

Command Line: --module-path=C:\javafx-sdk-23.0.2\lib --add-modules=javafx.controls,javafx.fxml -javaagent:C:\Program Files\JetBrains\IntelliJ IDEA 2024.1\lib\idea_rt.jar=62748:C:\Program Files\JetBrains\IntelliJ IDEA 2024.1\bin -Dfile.encoding=UTF-8 -Dsun.stdout.encoding=UTF-8 -Dsun.stderr.encoding=UTF-8 tn.esprit.powerHR.test.MainFX

Host: Intel(R) Core(TM) i5-10300H CPU @ 2.50GHz, 8 cores, 7G,  Windows 11 , 64 bit Build 22621 (10.0.22621.4391)
Time: Wed Feb 19 08:06:03 2025 Afr. centrale Ouest elapsed time: 0.021909 seconds (0d 0h 0m 0s)

---------------  T H R E A D  ---------------

Current thread (0x000001ef9783ffb0):  JavaThread "Unknown thread" [_thread_in_vm, id=19356, stack(0x000000dafcd00000,0x000000dafce00000) (1024K)]

Stack: [0x000000dafcd00000,0x000000dafce00000]
Native frames: (J=compiled Java code, j=interpreted, Vv=VM code, C=native code)
V  [jvm.dll+0x6e0b99]  (no source info available)
V  [jvm.dll+0x87e2b3]  (no source info available)
V  [jvm.dll+0x88073e]  (no source info available)
V  [jvm.dll+0x880e13]  (no source info available)
V  [jvm.dll+0x27b006]  (no source info available)
V  [jvm.dll+0x6dd485]  (no source info available)
V  [jvm.dll+0x6d127a]  (no source info available)
V  [jvm.dll+0x35b50a]  (no source info available)
V  [jvm.dll+0x363916]  (no source info available)
V  [jvm.dll+0x34fe7e]  (no source info available)
V  [jvm.dll+0x350118]  (no source info available)
V  [jvm.dll+0x328aec]  (no source info available)
V  [jvm.dll+0x32978e]  (no source info available)
V  [jvm.dll+0x8449a5]  (no source info available)
V  [jvm.dll+0x3b9a08]  (no source info available)
V  [jvm.dll+0x82d68c]  (no source info available)
V  [jvm.dll+0x454f2e]  (no source info available)
V  [jvm.dll+0x456db1]  (no source info available)
C  [jli.dll+0x52a3]  (no source info available)
C  [ucrtbase.dll+0x29333]  (no source info available)
C  [KERNEL32.DLL+0x1259d]  (no source info available)
C  [ntdll.dll+0x5af38]  (no source info available)

Lock stack of current Java thread (top to bottom):


---------------  P R O C E S S  ---------------

Threads class SMR info:
_java_thread_list=0x00007ffee78a4618, length=0, elements={
}

Java Threads: ( => current thread )
Total: 0

Other Threads:
  0x000001ef97896f60 WorkerThread "GC Thread#0"                     [id=16400, stack(0x000000dafce00000,0x000000dafcf00000) (1024K)]
  0x000001ef9551dea0 ConcurrentGCThread "G1 Main Marker"            [id=9468, stack(0x000000dafcf00000,0x000000dafd000000) (1024K)]
  0x000001ef9551e9b0 WorkerThread "G1 Conc#0"                       [id=21380, stack(0x000000dafd000000,0x000000dafd100000) (1024K)]

[error occurred during error reporting (printing all threads), id 0xc0000005, EXCEPTION_ACCESS_VIOLATION (0xc0000005) at pc=0x00007ffee6fec0da]
VM state: not at safepoint (not fully initialized)

VM Mutex/Monitor currently owned by a thread:  ([mutex/lock_event])
[0x00007ffee7924988] Heap_lock - owner thread: 0x000001ef9783ffb0

Heap address: 0x0000000082000000, size: 2016 MB, Compressed Oops mode: 32-bit

CDS archive(s) mapped at: [0x0000000000000000-0x0000000000000000-0x0000000000000000), size 0, SharedBaseAddress: 0x0000000800000000, ArchiveRelocationMode: 1.
Narrow klass base: 0x0000000000000000, Narrow klass shift: 0, Narrow klass range: 0x0

GC Precious Log:
 CardTable entry size: 512
 Card Set container configuration: InlinePtr #cards 5 size 8 Array Of Cards #cards 10 size 36 Howl #buckets 4 coarsen threshold 1843 Howl Bitmap #cards 512 size 80 coarsen threshold 460 Card regions per heap region 1 cards per card region 2048

Heap:
 garbage-first heap   total reserved 2064384K, committed 0K, used 0K [0x0000000082000000, 0x0000000100000000)
  region size 1024K, 0 young (0K), 0 survivors (0K)

[error occurred during error reporting (printing heap information), id 0xc0000005, EXCEPTION_ACCESS_VIOLATION (0xc0000005) at pc=0x00007ffee73ec6a9]
GC Heap History (0 events):
No events

Dll operation events (1 events):
Event: 0.016 Loaded shared library C:\Users\PRO INFO\.jdks\openjdk-23.0.2\bin\java.dll

Deoptimization events (0 events):
No events

Classes loaded (0 events):
No events

Classes unloaded (0 events):
No events

Classes redefined (0 events):
No events

Internal exceptions (0 events):
No events

VM Operations (0 events):
No events

Memory protections (0 events):
No events

Nmethod flushes (0 events):
No events

Events (0 events):
No events


Dynamic libraries:
0x00007ff681700000 - 0x00007ff68170e000 	C:\Users\PRO INFO\.jdks\openjdk-23.0.2\bin\java.exe
0x00007fff76b30000 - 0x00007fff76d47000 	C:\WINDOWS\SYSTEM32\ntdll.dll
0x00007fff765e0000 - 0x00007fff766a4000 	C:\WINDOWS\System32\KERNEL32.DLL
0x00007fff74080000 - 0x00007fff7443a000 	C:\WINDOWS\System32\KERNELBASE.dll
0x00007fff74650000 - 0x00007fff74761000 	C:\WINDOWS\System32\ucrtbase.dll
0x00007fff61130000 - 0x00007fff61147000 	C:\Users\PRO INFO\.jdks\openjdk-23.0.2\bin\jli.dll
0x00007fff61110000 - 0x00007fff6112b000 	C:\Users\PRO INFO\.jdks\openjdk-23.0.2\bin\VCRUNTIME140.dll
0x00007fff74bb0000 - 0x00007fff74d5e000 	C:\WINDOWS\System32\USER32.dll
0x00007fff597d0000 - 0x00007fff59a62000 	C:\WINDOWS\WinSxS\amd64_microsoft.windows.common-controls_6595b64144ccf1df_6.0.22621.4541_none_2710d1c57384c085\COMCTL32.dll
0x00007fff74770000 - 0x00007fff74796000 	C:\WINDOWS\System32\win32u.dll
0x00007fff76530000 - 0x00007fff765d7000 	C:\WINDOWS\System32\msvcrt.dll
0x00007fff74830000 - 0x00007fff74859000 	C:\WINDOWS\System32\GDI32.dll
0x00007fff73df0000 - 0x00007fff73f0b000 	C:\WINDOWS\System32\gdi32full.dll
0x00007fff74580000 - 0x00007fff7461a000 	C:\WINDOWS\System32\msvcp_win.dll
0x00007fff74b70000 - 0x00007fff74ba1000 	C:\WINDOWS\System32\IMM32.DLL
0x00007fff62470000 - 0x00007fff6247c000 	C:\Users\PRO INFO\.jdks\openjdk-23.0.2\bin\vcruntime140_1.dll
0x00007fff429d0000 - 0x00007fff42a5e000 	C:\Users\PRO INFO\.jdks\openjdk-23.0.2\bin\msvcp140.dll
0x00007ffee6cb0000 - 0x00007ffee7a00000 	C:\Users\PRO INFO\.jdks\openjdk-23.0.2\bin\server\jvm.dll
0x00007fff75ac0000 - 0x00007fff75b72000 	C:\WINDOWS\System32\ADVAPI32.dll
0x00007fff74dc0000 - 0x00007fff74e67000 	C:\WINDOWS\System32\sechost.dll
0x00007fff74620000 - 0x00007fff74648000 	C:\WINDOWS\System32\bcrypt.dll
0x00007fff766b0000 - 0x00007fff767c4000 	C:\WINDOWS\System32\RPCRT4.dll
0x00007fff768c0000 - 0x00007fff76931000 	C:\WINDOWS\System32\WS2_32.dll
0x00007fff72c80000 - 0x00007fff72ccd000 	C:\WINDOWS\SYSTEM32\POWRPROF.dll
0x00007fff6f430000 - 0x00007fff6f464000 	C:\WINDOWS\SYSTEM32\WINMM.dll
0x00007fff701b0000 - 0x00007fff701ba000 	C:\WINDOWS\SYSTEM32\VERSION.dll
0x00007fff72c60000 - 0x00007fff72c73000 	C:\WINDOWS\SYSTEM32\UMPDC.dll
0x00007fff72f20000 - 0x00007fff72f38000 	C:\WINDOWS\SYSTEM32\kernel.appcore.dll
0x00007fff621a0000 - 0x00007fff621aa000 	C:\Users\PRO INFO\.jdks\openjdk-23.0.2\bin\jimage.dll
0x00007fff71670000 - 0x00007fff718a2000 	C:\WINDOWS\SYSTEM32\DBGHELP.DLL
0x00007fff75ba0000 - 0x00007fff75f31000 	C:\WINDOWS\System32\combase.dll
0x00007fff74a80000 - 0x00007fff74b57000 	C:\WINDOWS\System32\OLEAUT32.dll
0x00007fff4b160000 - 0x00007fff4b192000 	C:\WINDOWS\SYSTEM32\dbgcore.DLL
0x00007fff74440000 - 0x00007fff744bb000 	C:\WINDOWS\System32\bcryptPrimitives.dll
0x00007fff61f70000 - 0x00007fff61f7f000 	C:\Users\PRO INFO\.jdks\openjdk-23.0.2\bin\instrument.dll
0x00007fff604b0000 - 0x00007fff604ce000 	C:\Users\PRO INFO\.jdks\openjdk-23.0.2\bin\java.dll
0x00007fff74860000 - 0x00007fff74a05000 	C:\WINDOWS\System32\ole32.dll
0x00007fff75240000 - 0x00007fff75ab9000 	C:\WINDOWS\System32\SHELL32.dll

dbghelp: loaded successfully - version: 4.0.5 - missing functions: none
symbol engine: initialized successfully - sym options: 0x614 - pdb path: .;C:\Users\PRO INFO\.jdks\openjdk-23.0.2\bin;C:\WINDOWS\SYSTEM32;C:\WINDOWS\WinSxS\amd64_microsoft.windows.common-controls_6595b64144ccf1df_6.0.22621.4541_none_2710d1c57384c085;C:\Users\PRO INFO\.jdks\openjdk-23.0.2\bin\server

VM Arguments:
jvm_args: --module-path=C:\javafx-sdk-23.0.2\lib --add-modules=javafx.controls,javafx.fxml -javaagent:C:\Program Files\JetBrains\IntelliJ IDEA 2024.1\lib\idea_rt.jar=62748:C:\Program Files\JetBrains\IntelliJ IDEA 2024.1\bin -Dfile.encoding=UTF-8 -Dsun.stdout.encoding=UTF-8 -Dsun.stderr.encoding=UTF-8 
java_command: tn.esprit.powerHR.test.MainFX
java_class_path (initial): D:\Pi\powerHR\target\classes;C:\Users\PRO INFO\.m2\repository\com\mysql\mysql-connector-j\8.0.33\mysql-connector-j-8.0.33.jar;C:\Users\PRO INFO\.m2\repository\com\google\protobuf\protobuf-java\3.21.9\protobuf-java-3.21.9.jar;C:\Users\PRO INFO\.m2\repository\org\openjfx\javafx-controls\23.0.1\javafx-controls-23.0.1.jar;C:\Users\PRO INFO\.m2\repository\org\openjfx\javafx-controls\23.0.1\javafx-controls-23.0.1-win.jar;C:\Users\PRO INFO\.m2\repository\org\openjfx\javafx-fxml\23.0.1\javafx-fxml-23.0.1.jar;C:\Users\PRO INFO\.m2\repository\org\openjfx\javafx-fxml\23.0.1\javafx-fxml-23.0.1-win.jar;C:\Users\PRO INFO\.m2\repository\org\openjfx\javafx-graphics\23.0.1\javafx-graphics-23.0.1.jar;C:\Users\PRO INFO\.m2\repository\org\openjfx\javafx-graphics\23.0.1\javafx-graphics-23.0.1-win.jar;C:\Users\PRO INFO\.m2\repository\org\openjfx\javafx-base\23.0.1\javafx-base-23.0.1.jar;C:\Users\PRO INFO\.m2\repository\org\openjfx\javafx-base\23.0.1\javafx-base-23.0.1-win.jar
Launcher Type: SUN_STANDARD

[Global flags]
     intx CICompilerCount                          = 4                                         {product} {ergonomic}
     uint ConcGCThreads                            = 2                                         {product} {ergonomic}
     uint G1ConcRefinementThreads                  = 8                                         {product} {ergonomic}
   size_t G1HeapRegionSize                         = 1048576                                   {product} {ergonomic}
   size_t InitialHeapSize                          = 132120576                                 {product} {ergonomic}
   size_t MarkStackSize                            = 4194304                                   {product} {ergonomic}
   size_t MarkStackSizeMax                         = 536870912                                 {product} {ergonomic}
   size_t MaxHeapSize                              = 2113929216                                {product} {ergonomic}
   size_t MinHeapDeltaBytes                        = 1048576                                   {product} {ergonomic}
   size_t MinHeapSize                              = 8388608                                   {product} {ergonomic}
    uintx NonNMethodCodeHeapSize                   = 5832704                                {pd product} {ergonomic}
    uintx NonProfiledCodeHeapSize                  = 122945536                              {pd product} {ergonomic}
    uintx ProfiledCodeHeapSize                     = 122880000                              {pd product} {ergonomic}
    uintx ReservedCodeCacheSize                    = 251658240                              {pd product} {ergonomic}
     bool SegmentedCodeCache                       = true                                      {product} {ergonomic}
   size_t SoftMaxHeapSize                          = 2113929216                             {manageable} {ergonomic}
     bool UseCompressedOops                        = true                           {product lp64_product} {ergonomic}
     bool UseG1GC                                  = true                                      {product} {ergonomic}
     bool UseLargePagesIndividualAllocation        = false                                  {pd product} {ergonomic}

Logging:
Log output configuration:
 #0: stdout all=warning uptime,level,tags foldmultilines=false
 #1: stderr all=off uptime,level,tags foldmultilines=false

Environment Variables:
PATH=D:\app\oracle\product\11.2.0\server\bin;;D:\bin\;C:\Windows\system32;C:\Windows;C:\Windows\System32\Wbem;C:\Windows\System32\WindowsPowerShell\v1.0\;C:\Windows\System32\OpenSSH\;C:\Program Files\NVIDIA Corporation\NVIDIA NvDLISR;C:\Program Files (x86)\Windows Kits\8.1\Windows Performance Toolkit\;C:\Program Files (x86)\dotnet\;C:\Program Files\dotnet\;C:\Program Files\Microsoft SQL Server\110\Tools\Binn\;C:\Program Files\Microsoft SQL Server\140\Tools\Binn\;C:\WINDOWS\system32;C:\WINDOWS;C:\WINDOWS\System32\Wbem;C:\WINDOWS\System32\WindowsPowerShell\v1.0\;C:\WINDOWS\System32\OpenSSH\;C:\Program Files\MATLAB\R2023a\bin;C:\Program Files\Git\cmd;C:\Program Files\Microsoft SQL Server\150\Tools\Binn\;C:\xampp\php;C:\ProgramData\ComposerSetup\bin;C:\Users\PRO INFO\scoop\shims;C:\Users\PRO INFO\AppData\Local\Microsoft\WindowsApps;C:\Users\PRO INFO\.dotnet\tools;;D:\Microsoft VS Code\bin;C:\Users\PRO INFO\AppData\Roaming\Composer\vendor\bin
USERNAME=PRO INFO
OS=Windows_NT
PROCESSOR_IDENTIFIER=Intel64 Family 6 Model 165 Stepping 2, GenuineIntel
TMP=C:\Users\PROINF~1\AppData\Local\Temp
TEMP=C:\Users\PROINF~1\AppData\Local\Temp




Periodic native trim disabled

---------------  S Y S T E M  ---------------

OS:
 Windows 11 , 64 bit Build 22621 (10.0.22621.4391)
OS uptime: 17 days 20:29 hours

CPU: total 8 (initial active 8) (4 cores per cpu, 2 threads per core) family 6 model 165 stepping 2 microcode 0xec, cx8, cmov, fxsr, ht, mmx, 3dnowpref, sse, sse2, sse3, ssse3, sse4.1, sse4.2, popcnt, lzcnt, tsc, tscinvbit, avx, avx2, aes, erms, clmul, bmi1, bmi2, adx, fma, vzeroupper, clflush, clflushopt, rdtscp, f16c, pku
Processor Information for the first 8 processors :
  Max Mhz: 2496, Current Mhz: 2496, Mhz Limit: 2496

Memory: 4k page, system-wide physical 8059M (675M free)
TotalPageFile size 23255M (AvailPageFile size 124M)
current process WorkingSet (physical memory assigned to process): 12M, peak: 12M
current process commit charge ("private bytes"): 60M, peak: 186M

vm_info: OpenJDK 64-Bit Server VM (23.0.2+7-58) for windows-amd64 JRE (23.0.2+7-58), built on 2024-11-29T09:34:55Z with MS VC++ 17.6 (VS2022)

END.
